<?xml version="1.0" encoding="UTF-8"?>
<testng-results skipped="0" failed="0" ignored="0" total="1" passed="1">
  <reporter-output>
  </reporter-output>
  <suite name="Default suite" duration-ms="39" started-at="2021-06-26T19:31:51 IST" finished-at="2021-06-26T19:31:51 IST">
    <groups>
    </groups>
    <test name="Default test" duration-ms="39" started-at="2021-06-26T19:31:51 IST" finished-at="2021-06-26T19:31:51 IST">
      <class name="SeleniumTestCases.IgnoreDemo">
        <test-method status="PASS" signature="test1()[pri:0, instance:SeleniumTestCases.IgnoreDemo@42607a4f]" name="test1" duration-ms="6" started-at="2021-06-26T19:31:51 IST" finished-at="2021-06-26T19:31:51 IST">
          <reporter-output>
          </reporter-output>
        </test-method> <!-- test1 -->
      </class> <!-- SeleniumTestCases.IgnoreDemo -->
    </test> <!-- Default test -->
  </suite> <!-- Default suite -->
</testng-results>
